<?xml version="1.0" encoding="UTF-8"?>
<!-- Generated by org.testng.reporters.JUnitReportReporter -->
<testsuite skipped="0" hostname="admin-PC" name="com.dixter.test.smoke.SampleTest" tests="1" failures="0" timestamp="09 Apr 2019 18:06:07 GMT" time="14.996" errors="0">
  <testcase name="SampleTest" time="14.996" classname="com.dixter.test.smoke.SampleTest"/>
</testsuite> <!-- com.dixter.test.smoke.SampleTest -->
